Performing C SOURCE FILE Test CMAKE_HAVE_LIBC_PTHREAD failed with the following output:
Change Dir: /home/sanket/Desktop/Projects/TensorRT_demo/cpp_files/build/CMakeFiles/CMakeScratch/TryCompile-LxPyNL

Run Build Command(s):/usr/bin/make -f Makefile cmTC_b3322/fast && /usr/bin/make  -f CMakeFiles/cmTC_b3322.dir/build.make CMakeFiles/cmTC_b3322.dir/build
make[1]: Entering directory '/home/sanket/Desktop/Projects/TensorRT_demo/cpp_files/build/CMakeFiles/CMakeScratch/TryCompile-LxPyNL'
Building C object CMakeFiles/cmTC_b3322.dir/src.c.o
/usr/bin/cc -DCMAKE_HAVE_LIBC_PTHREAD   -o CMakeFiles/cmTC_b3322.dir/src.c.o -c /home/sanket/Desktop/Projects/TensorRT_demo/cpp_files/build/CMakeFiles/CMakeScratch/TryCompile-LxPyNL/src.c
Linking C executable cmTC_b3322
/home/sanket/anaconda3/lib/python3.9/site-packages/cmake/data/bin/cmake -E cmake_link_script CMakeFiles/cmTC_b3322.dir/link.txt --verbose=1
/usr/bin/cc -rdynamic CMakeFiles/cmTC_b3322.dir/src.c.o -o cmTC_b3322 
/usr/bin/ld: CMakeFiles/cmTC_b3322.dir/src.c.o: in function `main':
src.c:(.text+0x46): undefined reference to `pthread_create'
/usr/bin/ld: src.c:(.text+0x52): undefined reference to `pthread_detach'
/usr/bin/ld: src.c:(.text+0x5e): undefined reference to `pthread_cancel'
/usr/bin/ld: src.c:(.text+0x6f): undefined reference to `pthread_join'
collect2: error: ld returned 1 exit status
make[1]: *** [CMakeFiles/cmTC_b3322.dir/build.make:99: cmTC_b3322] Error 1
make[1]: Leaving directory '/home/sanket/Desktop/Projects/TensorRT_demo/cpp_files/build/CMakeFiles/CMakeScratch/TryCompile-LxPyNL'
make: *** [Makefile:127: cmTC_b3322/fast] Error 2


Source file was:
#include <pthread.h>

static void* test_func(void* data)
{
  return data;
}

int main(void)
{
  pthread_t thread;
  pthread_create(&thread, NULL, test_func, NULL);
  pthread_detach(thread);
  pthread_cancel(thread);
  pthread_join(thread, NULL);
  pthread_atfork(NULL, NULL, NULL);
  pthread_exit(NULL);

  return 0;
}


Determining if the function pthread_create exists in the pthreads failed with the following output:
Change Dir: /home/sanket/Desktop/Projects/TensorRT_demo/cpp_files/build/CMakeFiles/CMakeScratch/TryCompile-RfhO2L

Run Build Command(s):/usr/bin/make -f Makefile cmTC_9cd0a/fast && /usr/bin/make  -f CMakeFiles/cmTC_9cd0a.dir/build.make CMakeFiles/cmTC_9cd0a.dir/build
make[1]: Entering directory '/home/sanket/Desktop/Projects/TensorRT_demo/cpp_files/build/CMakeFiles/CMakeScratch/TryCompile-RfhO2L'
Building C object CMakeFiles/cmTC_9cd0a.dir/CheckFunctionExists.c.o
/usr/bin/cc   -DCHECK_FUNCTION_EXISTS=pthread_create -o CMakeFiles/cmTC_9cd0a.dir/CheckFunctionExists.c.o -c /home/sanket/Desktop/Projects/TensorRT_demo/cpp_files/build/CMakeFiles/CMakeScratch/TryCompile-RfhO2L/CheckFunctionExists.c
Linking C executable cmTC_9cd0a
/home/sanket/anaconda3/lib/python3.9/site-packages/cmake/data/bin/cmake -E cmake_link_script CMakeFiles/cmTC_9cd0a.dir/link.txt --verbose=1
/usr/bin/cc  -DCHECK_FUNCTION_EXISTS=pthread_create -rdynamic CMakeFiles/cmTC_9cd0a.dir/CheckFunctionExists.c.o -o cmTC_9cd0a  -lpthreads 
/usr/bin/ld: cannot find -lpthreads
collect2: error: ld returned 1 exit status
make[1]: *** [CMakeFiles/cmTC_9cd0a.dir/build.make:99: cmTC_9cd0a] Error 1
make[1]: Leaving directory '/home/sanket/Desktop/Projects/TensorRT_demo/cpp_files/build/CMakeFiles/CMakeScratch/TryCompile-RfhO2L'
make: *** [Makefile:127: cmTC_9cd0a/fast] Error 2



